<?xml version="1.0" encoding="UTF-8" ?>
<testsuite tests="14" failures="0" name="com.test.PasswordValidatorTest" time="1.031" errors="0" skipped="0">
  <properties>
[...]
</properties>
  <testcase classname="com.test.PasswordValidatorTest" name="SequenceNotViolated" time="0.508"/>
  <testcase classname="com.test.PasswordValidatorTest" name="testContainsUppercaseLetters" time="0.054"/>
  <testcase classname="com.test.PasswordValidatorTest" name="containsOnlyLetter" time="0.039"/>
  <testcase classname="com.test.PasswordValidatorTest" name="testAllOkay" time="0.049"/>
  <testcase classname="com.test.PasswordValidatorTest" name="containsOnlyDigit" time="0.051"/>
  <testcase classname="com.test.PasswordValidatorTest" name="testLengthMoreThanTwelve" time="0.03"/>
  <testcase classname="com.test.PasswordValidatorTest" name="recentPasswordsInMiddle" time="0.044"/>
  <testcase classname="com.test.PasswordValidatorTest" name="SequenceRepeated" time="0.051"/>
  <testcase classname="com.test.PasswordValidatorTest" name="containsOnlyLetterAndDigit" time="0.025"/>
  <testcase classname="com.test.PasswordValidatorTest" name="lengthOkay" time="0.027"/>
  <testcase classname="com.test.PasswordValidatorTest" name="testLengthLessThanFive" time="0.046"/>
  <testcase classname="com.test.PasswordValidatorTest" name="recentPasswords" time="0.023"/>
  <testcase classname="com.test.PasswordValidatorTest" name="recentPasswordsAll" time="0.028"/>
  <testcase classname="com.test.PasswordValidatorTest" name="testContainsOnlyLowercaseLetters" time="0.056"/>
</testsuite>